Vivado Simulator 2019.1
Copyright 1986-1999, 2001-2019 Xilinx, Inc. All Rights Reserved.
Running: /tools/Xilinx/Vivado/2019.1/bin/unwrapped/lnx64.o/xelab -wto abddc6b697fb454282aad4f990725026 --incr --debug typical --relax --mt 8 --maxdelay -L xil_defaultlib -L simprims_ver -L secureip --snapshot riconoscitore_tb_time_synth -transport_int_delays -pulse_r 0 -pulse_int_r 0 -pulse_e 0 -pulse_int_e 0 xil_defaultlib.riconoscitore_tb xil_defaultlib.glbl -log elaborate.log 
Using 8 slave threads.
Starting static elaboration
Completed static elaboration
ERROR: [XSIM 43-3224] (SdfError)While parsing sdf file riconoscitore_tb_time_synth.sdf Line 14: Unexpected token ,.
ERROR: [XSIM 43-3224] (SdfError)While parsing sdf file riconoscitore_tb_time_synth.sdf Line 24: Unexpected token ,.
ERROR: [XSIM 43-3224] (SdfError)While parsing sdf file riconoscitore_tb_time_synth.sdf Line 34: Unexpected token ,.
ERROR: [XSIM 43-3224] (SdfError)While parsing sdf file riconoscitore_tb_time_synth.sdf Line 44: Unexpected token ,.
ERROR: [XSIM 43-3224] (SdfError)While parsing sdf file riconoscitore_tb_time_synth.sdf Line 54: Unexpected token ,.
ERROR: [XSIM 43-3224] (SdfError)While parsing sdf file riconoscitore_tb_time_synth.sdf Line 83: Unexpected token ,.
ERROR: [XSIM 43-3224] (SdfError)While parsing sdf file riconoscitore_tb_time_synth.sdf Line 116: Unexpected token ,.
ERROR: [XSIM 43-3224] (SdfError)While parsing sdf file riconoscitore_tb_time_synth.sdf Line 131: Unexpected token ,.
ERROR: [XSIM 43-3224] (SdfError)While parsing sdf file riconoscitore_tb_time_synth.sdf Line 163: Unexpected token ,.
ERROR: [XSIM 43-3224] (SdfError)While parsing sdf file riconoscitore_tb_time_synth.sdf Line 178: Unexpected token ,.
ERROR: [XSIM 43-3224] (SdfError)While parsing sdf file riconoscitore_tb_time_synth.sdf Line 191: Unexpected token ,.
ERROR: [XSIM 43-3224] (SdfError)While parsing sdf file riconoscitore_tb_time_synth.sdf Line 218: Unexpected token ,.
ERROR: [XSIM 43-3224] (SdfError)While parsing sdf file riconoscitore_tb_time_synth.sdf Line 251: Unexpected token ,.
ERROR: [XSIM 43-3224] (SdfError)While parsing sdf file riconoscitore_tb_time_synth.sdf Line 265: Unexpected token ,.
ERROR: [XSIM 43-3224] (SdfError)While parsing sdf file riconoscitore_tb_time_synth.sdf Line 296: Unexpected token ,.
ERROR: [XSIM 43-3224] (SdfError)While parsing sdf file riconoscitore_tb_time_synth.sdf Line 325: Unexpected token ,.
ERROR: [XSIM 43-3224] (SdfError)While parsing sdf file riconoscitore_tb_time_synth.sdf Line 358: Unexpected token ,.
ERROR: [XSIM 43-3224] (SdfError)While parsing sdf file riconoscitore_tb_time_synth.sdf Line 372: Unexpected token ,.
ERROR: [XSIM 43-3224] (SdfError)While parsing sdf file riconoscitore_tb_time_synth.sdf Line 403: Unexpected token ,.
ERROR: [XSIM 43-3224] (SdfError)While parsing sdf file riconoscitore_tb_time_synth.sdf Line 435: Unexpected token ,.
ERROR: [XSIM 43-3224] (SdfError)While parsing sdf file riconoscitore_tb_time_synth.sdf Line 469: Unexpected token ,.
ERROR: [XSIM 43-3224] (SdfError)While parsing sdf file riconoscitore_tb_time_synth.sdf Line 483: Unexpected token ,.
ERROR: [XSIM 43-3224] (SdfError)While parsing sdf file riconoscitore_tb_time_synth.sdf Line 497: Unexpected token ,.
ERROR: [XSIM 43-3224] (SdfError)While parsing sdf file riconoscitore_tb_time_synth.sdf Line 509: Unexpected token ,.
ERROR: [XSIM 43-3224] (SdfError)While parsing sdf file riconoscitore_tb_time_synth.sdf Line 521: Unexpected token ,.
ERROR: [XSIM 43-3224] (SdfError)While parsing sdf file riconoscitore_tb_time_synth.sdf Line 550: Unexpected token ,.
ERROR: [XSIM 43-3224] (SdfError)While parsing sdf file riconoscitore_tb_time_synth.sdf Line 564: Unexpected token ,.
Starting simulation data flow analysis
Completed simulation data flow analysis
INFO: [XSIM 43-3451] SDF backannotation process started with SDF file "riconoscitore_tb_time_synth.sdf", for root module "riconoscitore_tb/uut".
INFO: [XSIM 43-3452] SDF backannotation was successful for SDF file "riconoscitore_tb_time_synth.sdf", for root module "riconoscitore_tb/uut".
Time Resolution for simulation is 1ps
Compiling package std.standard
Compiling package std.textio
Compiling package ieee.std_logic_1164
Compiling package vl.vl_types
Compiling module xil_defaultlib.glbl
Compiling module simprims_ver.BUFG
Compiling module simprims_ver.IBUF
Compiling module simprims_ver.OBUF
Compiling module simprims_ver.x_lut3_mux8
Compiling module simprims_ver.LUT3
Compiling module simprims_ver.FDCE_default
Compiling module simprims_ver.LUT5
Compiling module simprims_ver.latchsre_ldce
Compiling module simprims_ver.LDCE
Compiling module simprims_ver.LUT6
Compiling module simprims_ver.FDPE_default
Compiling module simprims_ver.LUT4
Compiling module xil_defaultlib.riconoscitore
Compiling architecture behavioral of entity xil_defaultlib.riconoscitore_tb
Built simulation snapshot riconoscitore_tb_time_synth
